<?xml version="1.0" encoding="UTF-8"?>
<!-- Generated by org.testng.reporters.JUnitReportReporter -->
<testsuite hostname="DESKTOP-THNLHBK" failures="0" tests="2" name="com.qa.dockerConcept.StartDocker" time="23.076" errors="0" timestamp="2022-12-07T15:46:18 IST" skipped="0">
  <testcase classname="com.qa.dockerConcept.StartDocker" name="stopDocker" time="17.440"/>
  <system-out/>
  <testcase classname="com.qa.dockerConcept.StartDocker" name="start" time="5.636"/>
  <system-out/>
</testsuite> <!-- com.qa.dockerConcept.StartDocker -->
