<?xml version="1.0" encoding="UTF-8"?>
<!-- Generated by org.testng.reporters.JUnitReportReporter -->
<testsuite hostname="DESKTOP-THNLHBK" failures="0" tests="1" name="com.qa.dockerConcept.FirstClass" time="18.427" errors="0" timestamp="2022-12-07T15:44:15 IST" skipped="0">
  <testcase classname="com.qa.dockerConcept.FirstClass" name="method2" time="18.427"/>
  <system-out/>
</testsuite> <!-- com.qa.dockerConcept.FirstClass -->
