<?xml version="1.0" encoding="UTF-8"?>
<!-- Generated by org.testng.reporters.JUnitReportReporter -->
<testsuite hostname="DESKTOP-THNLHBK" failures="0" tests="1" name="com.qa.dockerConcept.FirstClass2" time="139.752" errors="0" timestamp="2022-12-08T12:06:43 IST" skipped="0">
  <testcase classname="com.qa.dockerConcept.FirstClass2" name="method1" time="139.752"/>
  <system-out/>
</testsuite> <!-- com.qa.dockerConcept.FirstClass2 -->
